#
# There is insufficient memory for the Java Runtime Environment to continue.
# Native memory allocation (mmap) failed to map 150994944 bytes for G1 virtual space
# Possible reasons:
#   The system is out of physical RAM or swap space
#   The process is running with CompressedOops enabled, and the Java Heap may be blocking the growth of the native heap
# Possible solutions:
#   Reduce memory load on the system
#   Increase physical memory or swap space
#   Check if swap backing store is full
#   Decrease Java heap size (-Xmx/-Xms)
#   Decrease number of Java threads
#   Decrease Java thread stack sizes (-Xss)
#   Set larger code cache with -XX:ReservedCodeCacheSize=
#   JVM is running with Zero Based Compressed Oops mode in which the Java heap is
#     placed in the first 32GB address space. The Java Heap base address is the
#     maximum limit for the native heap growth. Please use -XX:HeapBaseMinAddress
#     to set the Java Heap base and to place the Java Heap above 32GB virtual address.
# This output file may be truncated or incomplete.
#
#  Out of Memory Error (os_windows.cpp:3541), pid=41324, tid=11212
#
# JRE version: OpenJDK Runtime Environment Temurin-17.0.4+8 (17.0.4+8) (build 17.0.4+8)
# Java VM: OpenJDK 64-Bit Server VM Temurin-17.0.4+8 (17.0.4+8, mixed mode, sharing, tiered, compressed oops, compressed class ptrs, g1 gc, windows-amd64)
# No core dump will be written. Minidumps are not enabled by default on client versions of Windows
#

---------------  S U M M A R Y ------------

Command Line: -Dfile.encoding=UTF-8 -XX:+ShowCodeDetailsInExceptionMessages view.Main

Host: Intel(R) Core(TM) i7-6700HQ CPU @ 2.60GHz, 8 cores, 15G,  Windows 10 , 64 bit Build 19041 (10.0.19041.1889)
Time: Sun Nov  6 20:49:46 2022 Hora est. Pacífico, Sudamérica elapsed time: 16.745383 seconds (0d 0h 0m 16s)

---------------  T H R E A D  ---------------

Current thread (0x000002d5b27b9650):  VMThread "VM Thread" [stack: 0x000000eea2400000,0x000000eea2500000] [id=11212]

Stack: [0x000000eea2400000,0x000000eea2500000]
Native frames: (J=compiled Java code, j=interpreted, Vv=VM code, C=native code)
V  [jvm.dll+0x67733a]
V  [jvm.dll+0x8323c4]
V  [jvm.dll+0x833b6e]
V  [jvm.dll+0x8341d3]
V  [jvm.dll+0x2455e5]
V  [jvm.dll+0x674229]
V  [jvm.dll+0x668ab2]
V  [jvm.dll+0x30458b]
V  [jvm.dll+0x30bad6]
V  [jvm.dll+0x35ba7e]
V  [jvm.dll+0x35bcaf]
V  [jvm.dll+0x2db428]
V  [jvm.dll+0x2d96dc]
V  [jvm.dll+0x2d8cac]
V  [jvm.dll+0x31cf31]
V  [jvm.dll+0x83867b]
V  [jvm.dll+0x8393b4]
V  [jvm.dll+0x8398cc]
V  [jvm.dll+0x839ca4]
V  [jvm.dll+0x839d70]
V  [jvm.dll+0x7e245a]
V  [jvm.dll+0x6761c5]
C  [ucrtbase.dll+0x21bb2]
C  [KERNEL32.DLL+0x17034]
C  [ntdll.dll+0x526a1]

VM_Operation (0x000000eea1efc5b0): G1TryInitiateConcMark, mode: safepoint, requested by thread 0x000002d58f78c250


---------------  P R O C E S S  ---------------

Threads class SMR info:
_java_thread_list=0x000002d5b46bccb0, length=14, elements={
0x000002d58f78c250, 0x000002d5b27bfe00, 0x000002d5b27c22c0, 0x000002d5b27d1840,
0x000002d5b27d4300, 0x000002d5b27d4cb0, 0x000002d5b27d5660, 0x000002d5b27d6340,
0x000002d5b27fe090, 0x000002d5b27feaa0, 0x000002d5b322bba0, 0x000002d5b3241380,
0x000002d5b34267e0, 0x000002d5b34488a0
}

Java Threads: ( => current thread )
  0x000002d58f78c250 JavaThread "main" [_thread_blocked, id=42912, stack(0x000000eea1e00000,0x000000eea1f00000)]
  0x000002d5b27bfe00 JavaThread "Reference Handler" daemon [_thread_blocked, id=40244, stack(0x000000eea2500000,0x000000eea2600000)]
  0x000002d5b27c22c0 JavaThread "Finalizer" daemon [_thread_blocked, id=10092, stack(0x000000eea2600000,0x000000eea2700000)]
  0x000002d5b27d1840 JavaThread "Signal Dispatcher" daemon [_thread_blocked, id=42684, stack(0x000000eea2700000,0x000000eea2800000)]
  0x000002d5b27d4300 JavaThread "Attach Listener" daemon [_thread_blocked, id=10740, stack(0x000000eea2800000,0x000000eea2900000)]
  0x000002d5b27d4cb0 JavaThread "Service Thread" daemon [_thread_blocked, id=15388, stack(0x000000eea2900000,0x000000eea2a00000)]
  0x000002d5b27d5660 JavaThread "Monitor Deflation Thread" daemon [_thread_blocked, id=8360, stack(0x000000eea2a00000,0x000000eea2b00000)]
  0x000002d5b27d6340 JavaThread "C2 CompilerThread0" daemon [_thread_blocked, id=7744, stack(0x000000eea2b00000,0x000000eea2c00000)]
  0x000002d5b27fe090 JavaThread "C1 CompilerThread0" daemon [_thread_blocked, id=15244, stack(0x000000eea2c00000,0x000000eea2d00000)]
  0x000002d5b27feaa0 JavaThread "Sweeper thread" daemon [_thread_blocked, id=20108, stack(0x000000eea2d00000,0x000000eea2e00000)]
  0x000002d5b322bba0 JavaThread "Notification Thread" daemon [_thread_blocked, id=37444, stack(0x000000eea2e00000,0x000000eea2f00000)]
  0x000002d5b3241380 JavaThread "Common-Cleaner" daemon [_thread_blocked, id=32396, stack(0x000000eea3000000,0x000000eea3100000)]
  0x000002d5b34267e0 JavaThread "Java2D Disposer" daemon [_thread_blocked, id=9848, stack(0x000000eea3200000,0x000000eea3300000)]
  0x000002d5b34488a0 JavaThread "AWT-Windows" daemon [_thread_in_native, id=13928, stack(0x000000eea3400000,0x000000eea3500000)]

Other Threads:
=>0x000002d5b27b9650 VMThread "VM Thread" [stack: 0x000000eea2400000,0x000000eea2500000] [id=11212]
  0x000002d58f8128a0 WatcherThread [stack: 0x000000eea2f00000,0x000000eea3000000] [id=10592]
  0x000002d58f7f87b0 GCTaskThread "GC Thread#0" [stack: 0x000000eea1f00000,0x000000eea2000000] [id=36756]
  0x000002d5b4adbf50 GCTaskThread "GC Thread#1" [stack: 0x000000eea3820000,0x000000eea3920000] [id=15948]
  0x000002d5b48e6450 GCTaskThread "GC Thread#2" [stack: 0x000000eea3920000,0x000000eea3a20000] [id=17940]
  0x000002d5b4913860 GCTaskThread "GC Thread#3" [stack: 0x000000eea3a20000,0x000000eea3b20000] [id=13872]
  0x000002d5b4915b10 GCTaskThread "GC Thread#4" [stack: 0x000000eea3b20000,0x000000eea3c20000] [id=13960]
  0x000002d5b4915dc0 GCTaskThread "GC Thread#5" [stack: 0x000000eea3c20000,0x000000eea3d20000] [id=25264]
  0x000002d5b33c2130 GCTaskThread "GC Thread#6" [stack: 0x000000eea3d20000,0x000000eea3e20000] [id=5672]
  0x000002d5b33c3150 GCTaskThread "GC Thread#7" [stack: 0x000000eea3e20000,0x000000eea3f20000] [id=30640]
  0x000002d58f80acf0 ConcurrentGCThread "G1 Main Marker" [stack: 0x000000eea2000000,0x000000eea2100000] [id=29300]
  0x000002d58f80c720 ConcurrentGCThread "G1 Conc#0" [stack: 0x000000eea2100000,0x000000eea2200000] [id=31924]
  0x000002d5b4913f20 ConcurrentGCThread "G1 Conc#1" [stack: 0x000000eea3300000,0x000000eea3400000] [id=13432]
  0x000002d5b26830e0 ConcurrentGCThread "G1 Refine#0" [stack: 0x000000eea2200000,0x000000eea2300000] [id=41916]
  0x000002d5b2683b00 ConcurrentGCThread "G1 Service" [stack: 0x000000eea2300000,0x000000eea2400000] [id=6204]

Threads with active compile tasks:
C1 CompilerThread0    16822  856       3       java.util.LinkedList::linkLast (59 bytes)

VM state: at safepoint (normal execution)

VM Mutex/Monitor currently owned by a thread:  ([mutex/lock_event])
[0x000002d58f7864c0] Threads_lock - owner thread: 0x000002d5b27b9650
[0x000002d58f785ce0] Heap_lock - owner thread: 0x000002d58f78c250

Heap address: 0x0000000701a00000, size: 4070 MB, Compressed Oops mode: Zero based, Oop shift amount: 3

CDS archive(s) mapped at: [0x0000000800000000-0x0000000800bc0000-0x0000000800bc0000), size 12320768, SharedBaseAddress: 0x0000000800000000, ArchiveRelocationMode: 0.
Compressed class space mapped at: 0x0000000800c00000-0x0000000840c00000, reserved size: 1073741824
Narrow klass base: 0x0000000800000000, Narrow klass shift: 0, Narrow klass range: 0x100000000

GC Precious Log:
 CPUs: 8 total, 8 available
 Memory: 16273M
 Large Page Support: Disabled
 NUMA Support: Disabled
 Compressed Oops: Enabled (Zero based)
 Heap Region Size: 2M
 Heap Min Capacity: 8M
 Heap Initial Capacity: 256M
 Heap Max Capacity: 4070M
 Pre-touch: Disabled
 Parallel Workers: 8
 Concurrent Workers: 2
 Concurrent Refinement Workers: 8
 Periodic GC: Disabled

Heap:
 garbage-first heap   total 473088K, used 256488K [0x0000000701a00000, 0x0000000800000000)
  region size 2048K, 6 young (12288K), 6 survivors (12288K)
 Metaspace       used 5392K, committed 5568K, reserved 1056768K
  class space    used 572K, committed 704K, reserved 1048576K

Heap Regions: E=young(eden), S=young(survivor), O=old, HS=humongous(starts), HC=humongous(continues), CS=collection set, F=free, OA=open archive, CA=closed archive, TAMS=top-at-mark-start (previous, next)
|   0|0x0000000701a00000, 0x0000000701c00000, 0x0000000701c00000|100%|HS|  |TAMS 0x0000000701c00000, 0x0000000701c00000| Complete 
|   1|0x0000000701c00000, 0x0000000701e00000, 0x0000000701e00000|100%|HC|  |TAMS 0x0000000701e00000, 0x0000000701e00000| Complete 
|   2|0x0000000701e00000, 0x0000000702000000, 0x0000000702000000|100%|HC|  |TAMS 0x0000000702000000, 0x0000000702000000| Complete 
|   3|0x0000000702000000, 0x0000000702200000, 0x0000000702200000|100%|HC|  |TAMS 0x0000000702200000, 0x0000000702200000| Complete 
|   4|0x0000000702200000, 0x0000000702400000, 0x0000000702400000|100%|HS|  |TAMS 0x0000000702400000, 0x0000000702400000| Complete 
|   5|0x0000000702400000, 0x0000000702600000, 0x0000000702600000|100%|HC|  |TAMS 0x0000000702600000, 0x0000000702600000| Complete 
|   6|0x0000000702600000, 0x0000000702800000, 0x0000000702800000|100%|HC|  |TAMS 0x0000000702800000, 0x0000000702800000| Complete 
|   7|0x0000000702800000, 0x0000000702a00000, 0x0000000702a00000|100%|HS|  |TAMS 0x0000000702a00000, 0x0000000702a00000| Complete 
|   8|0x0000000702a00000, 0x0000000702c00000, 0x0000000702c00000|100%|HC|  |TAMS 0x0000000702c00000, 0x0000000702c00000| Complete 
|   9|0x0000000702c00000, 0x0000000702e00000, 0x0000000702e00000|100%|HC|  |TAMS 0x0000000702e00000, 0x0000000702e00000| Complete 
|  10|0x0000000702e00000, 0x0000000703000000, 0x0000000703000000|100%|HC|  |TAMS 0x0000000703000000, 0x0000000703000000| Complete 
|  11|0x0000000703000000, 0x0000000703200000, 0x0000000703200000|100%|HS|  |TAMS 0x0000000703200000, 0x0000000703200000| Complete 
|  12|0x0000000703200000, 0x0000000703400000, 0x0000000703400000|100%|HC|  |TAMS 0x0000000703400000, 0x0000000703400000| Complete 
|  13|0x0000000703400000, 0x0000000703600000, 0x0000000703600000|100%|HC|  |TAMS 0x0000000703600000, 0x0000000703600000| Complete 
|  14|0x0000000703600000, 0x0000000703800000, 0x0000000703800000|100%|HC|  |TAMS 0x0000000703800000, 0x0000000703800000| Complete 
|  15|0x0000000703800000, 0x0000000703a00000, 0x0000000703a00000|100%|HS|  |TAMS 0x0000000703a00000, 0x0000000703a00000| Complete 
|  16|0x0000000703a00000, 0x0000000703c00000, 0x0000000703c00000|100%|HC|  |TAMS 0x0000000703c00000, 0x0000000703c00000| Complete 
|  17|0x0000000703c00000, 0x0000000703e00000, 0x0000000703e00000|100%|HC|  |TAMS 0x0000000703e00000, 0x0000000703e00000| Complete 
|  18|0x0000000703e00000, 0x0000000704000000, 0x0000000704000000|100%|HC|  |TAMS 0x0000000704000000, 0x0000000704000000| Complete 
|  19|0x0000000704000000, 0x0000000704200000, 0x0000000704200000|100%|HS|  |TAMS 0x0000000704200000, 0x0000000704200000| Complete 
|  20|0x0000000704200000, 0x0000000704400000, 0x0000000704400000|100%|HC|  |TAMS 0x0000000704400000, 0x0000000704400000| Complete 
|  21|0x0000000704400000, 0x0000000704600000, 0x0000000704600000|100%|HC|  |TAMS 0x0000000704600000, 0x0000000704600000| Complete 
|  22|0x0000000704600000, 0x0000000704800000, 0x0000000704800000|100%|HC|  |TAMS 0x0000000704800000, 0x0000000704800000| Complete 
|  23|0x0000000704800000, 0x0000000704a00000, 0x0000000704a00000|100%|HS|  |TAMS 0x0000000704a00000, 0x0000000704a00000| Complete 
|  24|0x0000000704a00000, 0x0000000704c00000, 0x0000000704c00000|100%|HC|  |TAMS 0x0000000704c00000, 0x0000000704c00000| Complete 
|  25|0x0000000704c00000, 0x0000000704e00000, 0x0000000704e00000|100%|HC|  |TAMS 0x0000000704e00000, 0x0000000704e00000| Complete 
|  26|0x0000000704e00000, 0x0000000705000000, 0x0000000705000000|100%|HC|  |TAMS 0x0000000705000000, 0x0000000705000000| Complete 
|  27|0x0000000705000000, 0x0000000705200000, 0x0000000705200000|100%|HS|  |TAMS 0x0000000705200000, 0x0000000705200000| Complete 
|  28|0x0000000705200000, 0x0000000705400000, 0x0000000705400000|100%|HC|  |TAMS 0x0000000705400000, 0x0000000705400000| Complete 
|  29|0x0000000705400000, 0x0000000705600000, 0x0000000705600000|100%|HC|  |TAMS 0x0000000705600000, 0x0000000705600000| Complete 
|  30|0x0000000705600000, 0x0000000705800000, 0x0000000705800000|100%|HC|  |TAMS 0x0000000705800000, 0x0000000705800000| Complete 
|  31|0x0000000705800000, 0x0000000705a00000, 0x0000000705a00000|100%|HS|  |TAMS 0x0000000705a00000, 0x0000000705a00000| Complete 
|  32|0x0000000705a00000, 0x0000000705c00000, 0x0000000705c00000|100%|HC|  |TAMS 0x0000000705c00000, 0x0000000705c00000| Complete 
|  33|0x0000000705c00000, 0x0000000705e00000, 0x0000000705e00000|100%|HC|  |TAMS 0x0000000705e00000, 0x0000000705e00000| Complete 
|  34|0x0000000705e00000, 0x0000000706000000, 0x0000000706000000|100%|HC|  |TAMS 0x0000000706000000, 0x0000000706000000| Complete 
|  35|0x0000000706000000, 0x0000000706200000, 0x0000000706200000|100%|HS|  |TAMS 0x0000000706200000, 0x0000000706200000| Complete 
|  36|0x0000000706200000, 0x0000000706400000, 0x0000000706400000|100%|HC|  |TAMS 0x0000000706400000, 0x0000000706400000| Complete 
|  37|0x0000000706400000, 0x0000000706600000, 0x0000000706600000|100%|HC|  |TAMS 0x0000000706600000, 0x0000000706600000| Complete 
|  38|0x0000000706600000, 0x0000000706800000, 0x0000000706800000|100%|HC|  |TAMS 0x0000000706800000, 0x0000000706800000| Complete 
|  39|0x0000000706800000, 0x0000000706a00000, 0x0000000706a00000|100%|HS|  |TAMS 0x0000000706a00000, 0x0000000706a00000| Complete 
|  40|0x0000000706a00000, 0x0000000706c00000, 0x0000000706c00000|100%|HC|  |TAMS 0x0000000706c00000, 0x0000000706c00000| Complete 
|  41|0x0000000706c00000, 0x0000000706e00000, 0x0000000706e00000|100%|HC|  |TAMS 0x0000000706e00000, 0x0000000706e00000| Complete 
|  42|0x0000000706e00000, 0x0000000707000000, 0x0000000707000000|100%|HC|  |TAMS 0x0000000707000000, 0x0000000707000000| Complete 
|  43|0x0000000707000000, 0x0000000707200000, 0x0000000707200000|100%|HS|  |TAMS 0x0000000707200000, 0x0000000707200000| Complete 
|  44|0x0000000707200000, 0x0000000707400000, 0x0000000707400000|100%|HC|  |TAMS 0x0000000707400000, 0x0000000707400000| Complete 
|  45|0x0000000707400000, 0x0000000707600000, 0x0000000707600000|100%|HC|  |TAMS 0x0000000707600000, 0x0000000707600000| Complete 
|  46|0x0000000707600000, 0x0000000707800000, 0x0000000707800000|100%|HC|  |TAMS 0x0000000707800000, 0x0000000707800000| Complete 
|  47|0x0000000707800000, 0x0000000707a00000, 0x0000000707a00000|100%| O|  |TAMS 0x0000000707a00000, 0x0000000707a00000| Untracked 
|  48|0x0000000707a00000, 0x0000000707a00000, 0x0000000707c00000|  0%| F|  |TAMS 0x0000000707a00000, 0x0000000707a00000| Untracked 
|  49|0x0000000707c00000, 0x0000000707e00000, 0x0000000707e00000|100%| O|  |TAMS 0x0000000707e00000, 0x0000000707e00000| Untracked 
|  50|0x0000000707e00000, 0x0000000708000000, 0x0000000708000000|100%|HS|  |TAMS 0x0000000708000000, 0x0000000708000000| Complete 
|  51|0x0000000708000000, 0x0000000708200000, 0x0000000708200000|100%|HC|  |TAMS 0x0000000708200000, 0x0000000708200000| Complete 
|  52|0x0000000708200000, 0x0000000708400000, 0x0000000708400000|100%|HC|  |TAMS 0x0000000708400000, 0x0000000708400000| Complete 
|  53|0x0000000708400000, 0x0000000708600000, 0x0000000708600000|100%|HC|  |TAMS 0x0000000708600000, 0x0000000708600000| Complete 
|  54|0x0000000708600000, 0x0000000708800000, 0x0000000708800000|100%| O|  |TAMS 0x0000000708800000, 0x0000000708800000| Untracked 
|  55|0x0000000708800000, 0x0000000708a00000, 0x0000000708a00000|100%| O|  |TAMS 0x0000000708a00000, 0x0000000708a00000| Untracked 
|  56|0x0000000708a00000, 0x0000000708c00000, 0x0000000708c00000|100%| O|  |TAMS 0x0000000708c00000, 0x0000000708c00000| Untracked 
|  57|0x0000000708c00000, 0x0000000708e00000, 0x0000000708e00000|100%| O|  |TAMS 0x0000000708e00000, 0x0000000708e00000| Untracked 
|  58|0x0000000708e00000, 0x0000000709000000, 0x0000000709000000|100%|HS|  |TAMS 0x0000000709000000, 0x0000000709000000| Complete 
|  59|0x0000000709000000, 0x0000000709200000, 0x0000000709200000|100%|HC|  |TAMS 0x0000000709200000, 0x0000000709200000| Complete 
|  60|0x0000000709200000, 0x0000000709400000, 0x0000000709400000|100%|HC|  |TAMS 0x0000000709400000, 0x0000000709400000| Complete 
|  61|0x0000000709400000, 0x0000000709600000, 0x0000000709600000|100%|HC|  |TAMS 0x0000000709600000, 0x0000000709600000| Complete 
|  62|0x0000000709600000, 0x0000000709800000, 0x0000000709800000|100%|HS|  |TAMS 0x0000000709800000, 0x0000000709800000| Complete 
|  63|0x0000000709800000, 0x0000000709a00000, 0x0000000709a00000|100%|HC|  |TAMS 0x0000000709a00000, 0x0000000709a00000| Complete 
|  64|0x0000000709a00000, 0x0000000709c00000, 0x0000000709c00000|100%|HC|  |TAMS 0x0000000709c00000, 0x0000000709c00000| Complete 
|  65|0x0000000709c00000, 0x0000000709e00000, 0x0000000709e00000|100%|HC|  |TAMS 0x0000000709e00000, 0x0000000709e00000| Complete 
|  66|0x0000000709e00000, 0x000000070a000000, 0x000000070a000000|100%|HS|  |TAMS 0x000000070a000000, 0x000000070a000000| Complete 
|  67|0x000000070a000000, 0x000000070a200000, 0x000000070a200000|100%|HC|  |TAMS 0x000000070a200000, 0x000000070a200000| Complete 
|  68|0x000000070a200000, 0x000000070a400000, 0x000000070a400000|100%|HC|  |TAMS 0x000000070a400000, 0x000000070a400000| Complete 
|  69|0x000000070a400000, 0x000000070a600000, 0x000000070a600000|100%|HC|  |TAMS 0x000000070a600000, 0x000000070a600000| Complete 
|  70|0x000000070a600000, 0x000000070a800000, 0x000000070a800000|100%| O|  |TAMS 0x000000070a800000, 0x000000070a800000| Untracked 
|  71|0x000000070a800000, 0x000000070aa00000, 0x000000070aa00000|100%|HS|  |TAMS 0x000000070aa00000, 0x000000070aa00000| Complete 
|  72|0x000000070aa00000, 0x000000070ac00000, 0x000000070ac00000|100%|HC|  |TAMS 0x000000070ac00000, 0x000000070ac00000| Complete 
|  73|0x000000070ac00000, 0x000000070ae00000, 0x000000070ae00000|100%|HC|  |TAMS 0x000000070ae00000, 0x000000070ae00000| Complete 
|  74|0x000000070ae00000, 0x000000070b000000, 0x000000070b000000|100%|HC|  |TAMS 0x000000070b000000, 0x000000070b000000| Complete 
|  75|0x000000070b000000, 0x000000070b000000, 0x000000070b200000|  0%| F|  |TAMS 0x000000070b000000, 0x000000070b000000| Untracked 
|  76|0x000000070b200000, 0x000000070b400000, 0x000000070b400000|100%| O|  |TAMS 0x000000070b400000, 0x000000070b400000| Untracked 
|  77|0x000000070b400000, 0x000000070b4d2200, 0x000000070b600000| 41%| O|  |TAMS 0x000000070b4d2200, 0x000000070b4d2200| Untracked 
|  78|0x000000070b600000, 0x000000070b800000, 0x000000070b800000|100%|HS|  |TAMS 0x000000070b800000, 0x000000070b800000| Complete 
|  79|0x000000070b800000, 0x000000070ba00000, 0x000000070ba00000|100%|HC|  |TAMS 0x000000070ba00000, 0x000000070ba00000| Complete 
|  80|0x000000070ba00000, 0x000000070bc00000, 0x000000070bc00000|100%|HC|  |TAMS 0x000000070bc00000, 0x000000070bc00000| Complete 
|  81|0x000000070bc00000, 0x000000070be00000, 0x000000070be00000|100%|HC|  |TAMS 0x000000070be00000, 0x000000070be00000| Complete 
|  82|0x000000070be00000, 0x000000070c000000, 0x000000070c000000|100%|HS|  |TAMS 0x000000070c000000, 0x000000070c000000| Complete 
|  83|0x000000070c000000, 0x000000070c200000, 0x000000070c200000|100%|HC|  |TAMS 0x000000070c200000, 0x000000070c200000| Complete 
|  84|0x000000070c200000, 0x000000070c400000, 0x000000070c400000|100%|HC|  |TAMS 0x000000070c400000, 0x000000070c400000| Complete 
|  85|0x000000070c400000, 0x000000070c600000, 0x000000070c600000|100%|HC|  |TAMS 0x000000070c600000, 0x000000070c600000| Complete 
|  86|0x000000070c600000, 0x000000070c800000, 0x000000070c800000|100%|HS|  |TAMS 0x000000070c800000, 0x000000070c800000| Complete 
|  87|0x000000070c800000, 0x000000070ca00000, 0x000000070ca00000|100%|HC|  |TAMS 0x000000070ca00000, 0x000000070ca00000| Complete 
|  88|0x000000070ca00000, 0x000000070cc00000, 0x000000070cc00000|100%|HC|  |TAMS 0x000000070cc00000, 0x000000070cc00000| Complete 
|  89|0x000000070cc00000, 0x000000070ce00000, 0x000000070ce00000|100%|HC|  |TAMS 0x000000070ce00000, 0x000000070ce00000| Complete 
|  90|0x000000070ce00000, 0x000000070d000000, 0x000000070d000000|100%|HS|  |TAMS 0x000000070d000000, 0x000000070d000000| Complete 
|  91|0x000000070d000000, 0x000000070d200000, 0x000000070d200000|100%|HC|  |TAMS 0x000000070d200000, 0x000000070d200000| Complete 
|  92|0x000000070d200000, 0x000000070d400000, 0x000000070d400000|100%|HC|  |TAMS 0x000000070d400000, 0x000000070d400000| Complete 
|  93|0x000000070d400000, 0x000000070d600000, 0x000000070d600000|100%|HC|  |TAMS 0x000000070d600000, 0x000000070d600000| Complete 
|  94|0x000000070d600000, 0x000000070d800000, 0x000000070d800000|100%|HS|  |TAMS 0x000000070d800000, 0x000000070d800000| Complete 
|  95|0x000000070d800000, 0x000000070da00000, 0x000000070da00000|100%|HC|  |TAMS 0x000000070da00000, 0x000000070da00000| Complete 
|  96|0x000000070da00000, 0x000000070dc00000, 0x000000070dc00000|100%|HC|  |TAMS 0x000000070dc00000, 0x000000070dc00000| Complete 
|  97|0x000000070dc00000, 0x000000070de00000, 0x000000070de00000|100%|HC|  |TAMS 0x000000070de00000, 0x000000070de00000| Complete 
|  98|0x000000070de00000, 0x000000070e000000, 0x000000070e000000|100%|HS|  |TAMS 0x000000070e000000, 0x000000070e000000| Complete 
|  99|0x000000070e000000, 0x000000070e200000, 0x000000070e200000|100%|HC|  |TAMS 0x000000070e200000, 0x000000070e200000| Complete 
| 100|0x000000070e200000, 0x000000070e400000, 0x000000070e400000|100%|HC|  |TAMS 0x000000070e400000, 0x000000070e400000| Complete 
| 101|0x000000070e400000, 0x000000070e600000, 0x000000070e600000|100%|HC|  |TAMS 0x000000070e600000, 0x000000070e600000| Complete 
| 102|0x000000070e600000, 0x000000070e800000, 0x000000070e800000|100%|HS|  |TAMS 0x000000070e800000, 0x000000070e800000| Complete 
| 103|0x000000070e800000, 0x000000070ea00000, 0x000000070ea00000|100%|HC|  |TAMS 0x000000070ea00000, 0x000000070ea00000| Complete 
| 104|0x000000070ea00000, 0x000000070ec00000, 0x000000070ec00000|100%|HC|  |TAMS 0x000000070ec00000, 0x000000070ec00000| Complete 
| 105|0x000000070ec00000, 0x000000070ee00000, 0x000000070ee00000|100%|HC|  |TAMS 0x000000070ee00000, 0x000000070ee00000| Complete 
| 106|0x000000070ee00000, 0x000000070ee00000, 0x000000070f000000|  0%| F|  |TAMS 0x000000070ee00000, 0x000000070ee00000| Untracked 
| 107|0x000000070f000000, 0x000000070f000000, 0x000000070f200000|  0%| F|  |TAMS 0x000000070f000000, 0x000000070f000000| Untracked 
| 108|0x000000070f200000, 0x000000070f400000, 0x000000070f400000|100%|HS|  |TAMS 0x000000070f400000, 0x000000070f400000| Complete 
| 109|0x000000070f400000, 0x000000070f600000, 0x000000070f600000|100%|HC|  |TAMS 0x000000070f600000, 0x000000070f600000| Complete 
| 110|0x000000070f600000, 0x000000070f800000, 0x000000070f800000|100%|HC|  |TAMS 0x000000070f800000, 0x000000070f800000| Complete 
| 111|0x000000070f800000, 0x000000070fa00000, 0x000000070fa00000|100%|HC|  |TAMS 0x000000070fa00000, 0x000000070fa00000| Complete 
| 112|0x000000070fa00000, 0x000000070fc00000, 0x000000070fc00000|100%|HS|  |TAMS 0x000000070fc00000, 0x000000070fc00000| Complete 
| 113|0x000000070fc00000, 0x000000070fe00000, 0x000000070fe00000|100%|HC|  |TAMS 0x000000070fe00000, 0x000000070fe00000| Complete 
| 114|0x000000070fe00000, 0x0000000710000000, 0x0000000710000000|100%|HC|  |TAMS 0x0000000710000000, 0x0000000710000000| Complete 
| 115|0x0000000710000000, 0x0000000710200000, 0x0000000710200000|100%|HC|  |TAMS 0x0000000710200000, 0x0000000710200000| Complete 
| 116|0x0000000710200000, 0x0000000710400000, 0x0000000710400000|100%|HS|  |TAMS 0x0000000710400000, 0x0000000710400000| Complete 
| 117|0x0000000710400000, 0x0000000710600000, 0x0000000710600000|100%|HC|  |TAMS 0x0000000710600000, 0x0000000710600000| Complete 
| 118|0x0000000710600000, 0x0000000710800000, 0x0000000710800000|100%|HC|  |TAMS 0x0000000710800000, 0x0000000710800000| Complete 
| 119|0x0000000710800000, 0x0000000710a00000, 0x0000000710a00000|100%|HC|  |TAMS 0x0000000710a00000, 0x0000000710a00000| Complete 
| 120|0x0000000710a00000, 0x0000000710c00000, 0x0000000710c00000|100%|HS|  |TAMS 0x0000000710a00000, 0x0000000710c00000| Complete 
| 121|0x0000000710c00000, 0x0000000710e00000, 0x0000000710e00000|100%|HC|  |TAMS 0x0000000710c00000, 0x0000000710e00000| Complete 
| 122|0x0000000710e00000, 0x0000000711000000, 0x0000000711000000|100%|HC|  |TAMS 0x0000000710e00000, 0x0000000711000000| Complete 
| 123|0x0000000711000000, 0x0000000711200000, 0x0000000711200000|100%|HC|  |TAMS 0x0000000711000000, 0x0000000711200000| Complete 
| 124|0x0000000711200000, 0x0000000711200000, 0x0000000711400000|  0%| F|  |TAMS 0x0000000711200000, 0x0000000711200000| Untracked 
| 125|0x0000000711400000, 0x0000000711400000, 0x0000000711600000|  0%| F|  |TAMS 0x0000000711400000, 0x0000000711400000| Untracked 
| 126|0x0000000711600000, 0x0000000711600000, 0x0000000711800000|  0%| F|  |TAMS 0x0000000711600000, 0x0000000711600000| Untracked 
| 127|0x0000000711800000, 0x0000000711800000, 0x0000000711a00000|  0%| F|  |TAMS 0x0000000711800000, 0x0000000711800000| Untracked 
| 128|0x0000000711a00000, 0x0000000711a00000, 0x0000000711c00000|  0%| F|  |TAMS 0x0000000711a00000, 0x0000000711a00000| Untracked 
| 129|0x0000000711c00000, 0x0000000711c00000, 0x0000000711e00000|  0%| F|  |TAMS 0x0000000711c00000, 0x0000000711c00000| Untracked 
| 130|0x0000000711e00000, 0x0000000711e00000, 0x0000000712000000|  0%| F|  |TAMS 0x0000000711e00000, 0x0000000711e00000| Untracked 
| 131|0x0000000712000000, 0x0000000712000000, 0x0000000712200000|  0%| F|  |TAMS 0x0000000712000000, 0x0000000712000000| Untracked 
| 132|0x0000000712200000, 0x0000000712200000, 0x0000000712400000|  0%| F|  |TAMS 0x0000000712200000, 0x0000000712200000| Untracked 
| 133|0x0000000712400000, 0x0000000712400000, 0x0000000712600000|  0%| F|  |TAMS 0x0000000712400000, 0x0000000712400000| Untracked 
| 134|0x0000000712600000, 0x0000000712600000, 0x0000000712800000|  0%| F|  |TAMS 0x0000000712600000, 0x0000000712600000| Untracked 
| 135|0x0000000712800000, 0x0000000712800000, 0x0000000712a00000|  0%| F|  |TAMS 0x0000000712800000, 0x0000000712800000| Untracked 
| 136|0x0000000712a00000, 0x0000000712a00000, 0x0000000712c00000|  0%| F|  |TAMS 0x0000000712a00000, 0x0000000712a00000| Untracked 
| 137|0x0000000712c00000, 0x0000000712c00000, 0x0000000712e00000|  0%| F|  |TAMS 0x0000000712c00000, 0x0000000712c00000| Untracked 
| 138|0x0000000712e00000, 0x0000000712e00000, 0x0000000713000000|  0%| F|  |TAMS 0x0000000712e00000, 0x0000000712e00000| Untracked 
| 139|0x0000000713000000, 0x0000000713000000, 0x0000000713200000|  0%| F|  |TAMS 0x0000000713000000, 0x0000000713000000| Untracked 
| 140|0x0000000713200000, 0x0000000713200000, 0x0000000713400000|  0%| F|  |TAMS 0x0000000713200000, 0x0000000713200000| Untracked 
| 141|0x0000000713400000, 0x0000000713400000, 0x0000000713600000|  0%| F|  |TAMS 0x0000000713400000, 0x0000000713400000| Untracked 
| 142|0x0000000713600000, 0x0000000713600000, 0x0000000713800000|  0%| F|  |TAMS 0x0000000713600000, 0x0000000713600000| Untracked 
| 143|0x0000000713800000, 0x0000000713800000, 0x0000000713a00000|  0%| F|  |TAMS 0x0000000713800000, 0x0000000713800000| Untracked 
| 144|0x0000000713a00000, 0x0000000713a00000, 0x0000000713c00000|  0%| F|  |TAMS 0x0000000713a00000, 0x0000000713a00000| Untracked 
| 145|0x0000000713c00000, 0x0000000713c00000, 0x0000000713e00000|  0%| F|  |TAMS 0x0000000713c00000, 0x0000000713c00000| Untracked 
| 146|0x0000000713e00000, 0x0000000713e00000, 0x0000000714000000|  0%| F|  |TAMS 0x0000000713e00000, 0x0000000713e00000| Untracked 
| 147|0x0000000714000000, 0x0000000714000000, 0x0000000714200000|  0%| F|  |TAMS 0x0000000714000000, 0x0000000714000000| Untracked 
| 148|0x0000000714200000, 0x0000000714200000, 0x0000000714400000|  0%| F|  |TAMS 0x0000000714200000, 0x0000000714200000| Untracked 
| 149|0x0000000714400000, 0x0000000714400000, 0x0000000714600000|  0%| F|  |TAMS 0x0000000714400000, 0x0000000714400000| Untracked 
| 150|0x0000000714600000, 0x0000000714600000, 0x0000000714800000|  0%| F|  |TAMS 0x0000000714600000, 0x0000000714600000| Untracked 
| 151|0x0000000714800000, 0x0000000714800000, 0x0000000714a00000|  0%| F|  |TAMS 0x0000000714800000, 0x0000000714800000| Untracked 
| 152|0x0000000714a00000, 0x0000000714a00000, 0x0000000714c00000|  0%| F|  |TAMS 0x0000000714a00000, 0x0000000714a00000| Untracked 
| 153|0x0000000714c00000, 0x0000000714c00000, 0x0000000714e00000|  0%| F|  |TAMS 0x0000000714c00000, 0x0000000714c00000| Untracked 
| 154|0x0000000714e00000, 0x0000000714e00000, 0x0000000715000000|  0%| F|  |TAMS 0x0000000714e00000, 0x0000000714e00000| Untracked 
| 155|0x0000000715000000, 0x0000000715000000, 0x0000000715200000|  0%| F|  |TAMS 0x0000000715000000, 0x0000000715000000| Untracked 
| 156|0x0000000715200000, 0x0000000715200000, 0x0000000715400000|  0%| F|  |TAMS 0x0000000715200000, 0x0000000715200000| Untracked 
| 157|0x0000000715400000, 0x0000000715400000, 0x0000000715600000|  0%| F|  |TAMS 0x0000000715400000, 0x0000000715400000| Untracked 
| 158|0x0000000715600000, 0x0000000715600000, 0x0000000715800000|  0%| F|  |TAMS 0x0000000715600000, 0x0000000715600000| Untracked 
| 159|0x0000000715800000, 0x0000000715800000, 0x0000000715a00000|  0%| F|  |TAMS 0x0000000715800000, 0x0000000715800000| Untracked 
| 160|0x0000000715a00000, 0x0000000715a00000, 0x0000000715c00000|  0%| F|  |TAMS 0x0000000715a00000, 0x0000000715a00000| Untracked 
| 161|0x0000000715c00000, 0x0000000715c00000, 0x0000000715e00000|  0%| F|  |TAMS 0x0000000715c00000, 0x0000000715c00000| Untracked 
| 162|0x0000000715e00000, 0x0000000715e00000, 0x0000000716000000|  0%| F|  |TAMS 0x0000000715e00000, 0x0000000715e00000| Untracked 
| 163|0x0000000716000000, 0x0000000716000000, 0x0000000716200000|  0%| F|  |TAMS 0x0000000716000000, 0x0000000716000000| Untracked 
| 164|0x0000000716200000, 0x0000000716200000, 0x0000000716400000|  0%| F|  |TAMS 0x0000000716200000, 0x0000000716200000| Untracked 
| 165|0x0000000716400000, 0x0000000716400000, 0x0000000716600000|  0%| F|  |TAMS 0x0000000716400000, 0x0000000716400000| Untracked 
| 166|0x0000000716600000, 0x0000000716600000, 0x0000000716800000|  0%| F|  |TAMS 0x0000000716600000, 0x0000000716600000| Untracked 
| 167|0x0000000716800000, 0x0000000716800000, 0x0000000716a00000|  0%| F|  |TAMS 0x0000000716800000, 0x0000000716800000| Untracked 
| 168|0x0000000716a00000, 0x0000000716a00000, 0x0000000716c00000|  0%| F|  |TAMS 0x0000000716a00000, 0x0000000716a00000| Untracked 
| 169|0x0000000716c00000, 0x0000000716c00000, 0x0000000716e00000|  0%| F|  |TAMS 0x0000000716c00000, 0x0000000716c00000| Untracked 
| 170|0x0000000716e00000, 0x0000000716e00000, 0x0000000717000000|  0%| F|  |TAMS 0x0000000716e00000, 0x0000000716e00000| Untracked 
| 171|0x0000000717000000, 0x0000000717000000, 0x0000000717200000|  0%| F|  |TAMS 0x0000000717000000, 0x0000000717000000| Untracked 
| 172|0x0000000717200000, 0x0000000717200000, 0x0000000717400000|  0%| F|  |TAMS 0x0000000717200000, 0x0000000717200000| Untracked 
| 173|0x0000000717400000, 0x0000000717400000, 0x0000000717600000|  0%| F|  |TAMS 0x0000000717400000, 0x0000000717400000| Untracked 
| 174|0x0000000717600000, 0x0000000717600000, 0x0000000717800000|  0%| F|  |TAMS 0x0000000717600000, 0x0000000717600000| Untracked 
| 175|0x0000000717800000, 0x0000000717800000, 0x0000000717a00000|  0%| F|  |TAMS 0x0000000717800000, 0x0000000717800000| Untracked 
| 176|0x0000000717a00000, 0x0000000717a00000, 0x0000000717c00000|  0%| F|  |TAMS 0x0000000717a00000, 0x0000000717a00000| Untracked 
| 177|0x0000000717c00000, 0x0000000717c00000, 0x0000000717e00000|  0%| F|  |TAMS 0x0000000717c00000, 0x0000000717c00000| Untracked 
| 178|0x0000000717e00000, 0x0000000717e00000, 0x0000000718000000|  0%| F|  |TAMS 0x0000000717e00000, 0x0000000717e00000| Untracked 
| 179|0x0000000718000000, 0x0000000718000000, 0x0000000718200000|  0%| F|  |TAMS 0x0000000718000000, 0x0000000718000000| Untracked 
| 180|0x0000000718200000, 0x0000000718200000, 0x0000000718400000|  0%| F|  |TAMS 0x0000000718200000, 0x0000000718200000| Untracked 
| 181|0x0000000718400000, 0x0000000718400000, 0x0000000718600000|  0%| F|  |TAMS 0x0000000718400000, 0x0000000718400000| Untracked 
| 182|0x0000000718600000, 0x0000000718600000, 0x0000000718800000|  0%| F|  |TAMS 0x0000000718600000, 0x0000000718600000| Untracked 
| 183|0x0000000718800000, 0x0000000718800000, 0x0000000718a00000|  0%| F|  |TAMS 0x0000000718800000, 0x0000000718800000| Untracked 
| 184|0x0000000718a00000, 0x0000000718a00000, 0x0000000718c00000|  0%| F|  |TAMS 0x0000000718a00000, 0x0000000718a00000| Untracked 
| 185|0x0000000718c00000, 0x0000000718c00000, 0x0000000718e00000|  0%| F|  |TAMS 0x0000000718c00000, 0x0000000718c00000| Untracked 
| 186|0x0000000718e00000, 0x0000000718fa7fa0, 0x0000000719000000| 82%| S|CS|TAMS 0x0000000718e00000, 0x0000000718e00000| Complete 
| 187|0x0000000719000000, 0x0000000719000000, 0x0000000719200000|  0%| F|  |TAMS 0x0000000719000000, 0x0000000719000000| Untracked 
| 188|0x0000000719200000, 0x0000000719400000, 0x0000000719400000|100%| S|CS|TAMS 0x0000000719200000, 0x0000000719200000| Complete 
| 189|0x0000000719400000, 0x0000000719600000, 0x0000000719600000|100%| S|CS|TAMS 0x0000000719400000, 0x0000000719400000| Complete 
| 190|0x0000000719600000, 0x0000000719800000, 0x0000000719800000|100%| S|CS|TAMS 0x0000000719600000, 0x0000000719600000| Complete 
| 191|0x0000000719800000, 0x0000000719a00000, 0x0000000719a00000|100%| S|CS|TAMS 0x0000000719800000, 0x0000000719800000| Complete 
| 192|0x0000000719a00000, 0x0000000719a00000, 0x0000000719c00000|  0%| F|  |TAMS 0x0000000719a00000, 0x0000000719a00000| Untracked 
| 193|0x0000000719c00000, 0x0000000719c00000, 0x0000000719e00000|  0%| F|  |TAMS 0x0000000719c00000, 0x0000000719c00000| Untracked 
| 194|0x0000000719e00000, 0x0000000719e00000, 0x000000071a000000|  0%| F|  |TAMS 0x0000000719e00000, 0x0000000719e00000| Untracked 
| 195|0x000000071a000000, 0x000000071a000000, 0x000000071a200000|  0%| F|  |TAMS 0x000000071a000000, 0x000000071a000000| Untracked 
| 196|0x000000071a200000, 0x000000071a200000, 0x000000071a400000|  0%| F|  |TAMS 0x000000071a200000, 0x000000071a200000| Untracked 
| 197|0x000000071a400000, 0x000000071a600000, 0x000000071a600000|100%| S|CS|TAMS 0x000000071a400000, 0x000000071a400000| Complete 
| 198|0x000000071a600000, 0x000000071a600000, 0x000000071a800000|  0%| F|  |TAMS 0x000000071a600000, 0x000000071a600000| Untracked 
| 199|0x000000071a800000, 0x000000071a800000, 0x000000071aa00000|  0%| F|  |TAMS 0x000000071a800000, 0x000000071a800000| Untracked 
| 200|0x000000071aa00000, 0x000000071aa00000, 0x000000071ac00000|  0%| F|  |TAMS 0x000000071aa00000, 0x000000071aa00000| Untracked 
| 201|0x000000071ac00000, 0x000000071ac00000, 0x000000071ae00000|  0%| F|  |TAMS 0x000000071ac00000, 0x000000071ac00000| Untracked 
| 202|0x000000071ae00000, 0x000000071ae00000, 0x000000071b000000|  0%| F|  |TAMS 0x000000071ae00000, 0x000000071ae00000| Untracked 
| 203|0x000000071b000000, 0x000000071b000000, 0x000000071b200000|  0%| F|  |TAMS 0x000000071b000000, 0x000000071b000000| Untracked 
| 204|0x000000071b200000, 0x000000071b200000, 0x000000071b400000|  0%| F|  |TAMS 0x000000071b200000, 0x000000071b200000| Untracked 
| 205|0x000000071b400000, 0x000000071b400000, 0x000000071b600000|  0%| F|  |TAMS 0x000000071b400000, 0x000000071b400000| Untracked 
| 206|0x000000071b600000, 0x000000071b600000, 0x000000071b800000|  0%| F|  |TAMS 0x000000071b600000, 0x000000071b600000| Untracked 
| 207|0x000000071b800000, 0x000000071b800000, 0x000000071ba00000|  0%| F|  |TAMS 0x000000071b800000, 0x000000071b800000| Untracked 
| 208|0x000000071ba00000, 0x000000071ba00000, 0x000000071bc00000|  0%| F|  |TAMS 0x000000071ba00000, 0x000000071ba00000| Untracked 
| 209|0x000000071bc00000, 0x000000071bc00000, 0x000000071be00000|  0%| F|  |TAMS 0x000000071bc00000, 0x000000071bc00000| Untracked 
| 210|0x000000071be00000, 0x000000071be00000, 0x000000071c000000|  0%| F|  |TAMS 0x000000071be00000, 0x000000071be00000| Untracked 
| 211|0x000000071c000000, 0x000000071c000000, 0x000000071c200000|  0%| F|  |TAMS 0x000000071c000000, 0x000000071c000000| Untracked 
| 212|0x000000071c200000, 0x000000071c200000, 0x000000071c400000|  0%| F|  |TAMS 0x000000071c200000, 0x000000071c200000| Untracked 
| 213|0x000000071c400000, 0x000000071c400000, 0x000000071c600000|  0%| F|  |TAMS 0x000000071c400000, 0x000000071c400000| Untracked 
| 214|0x000000071c600000, 0x000000071c600000, 0x000000071c800000|  0%| F|  |TAMS 0x000000071c600000, 0x000000071c600000| Untracked 
| 215|0x000000071c800000, 0x000000071c800000, 0x000000071ca00000|  0%| F|  |TAMS 0x000000071c800000, 0x000000071c800000| Untracked 
| 216|0x000000071ca00000, 0x000000071ca00000, 0x000000071cc00000|  0%| F|  |TAMS 0x000000071ca00000, 0x000000071ca00000| Untracked 
| 217|0x000000071cc00000, 0x000000071cc00000, 0x000000071ce00000|  0%| F|  |TAMS 0x000000071cc00000, 0x000000071cc00000| Untracked 
| 218|0x000000071ce00000, 0x000000071ce00000, 0x000000071d000000|  0%| F|  |TAMS 0x000000071ce00000, 0x000000071ce00000| Untracked 
| 219|0x000000071d000000, 0x000000071d000000, 0x000000071d200000|  0%| F|  |TAMS 0x000000071d000000, 0x000000071d000000| Untracked 
| 220|0x000000071d200000, 0x000000071d200000, 0x000000071d400000|  0%| F|  |TAMS 0x000000071d200000, 0x000000071d200000| Untracked 
| 221|0x000000071d400000, 0x000000071d400000, 0x000000071d600000|  0%| F|  |TAMS 0x000000071d400000, 0x000000071d400000| Untracked 
| 222|0x000000071d600000, 0x000000071d600000, 0x000000071d800000|  0%| F|  |TAMS 0x000000071d600000, 0x000000071d600000| Untracked 
| 223|0x000000071d800000, 0x000000071d800000, 0x000000071da00000|  0%| F|  |TAMS 0x000000071d800000, 0x000000071d800000| Untracked 
| 224|0x000000071da00000, 0x000000071da00000, 0x000000071dc00000|  0%| F|  |TAMS 0x000000071da00000, 0x000000071da00000| Untracked 
| 225|0x000000071dc00000, 0x000000071dc00000, 0x000000071de00000|  0%| F|  |TAMS 0x000000071dc00000, 0x000000071dc00000| Untracked 
| 226|0x000000071de00000, 0x000000071de00000, 0x000000071e000000|  0%| F|  |TAMS 0x000000071de00000, 0x000000071de00000| Untracked 
| 227|0x000000071e000000, 0x000000071e000000, 0x000000071e200000|  0%| F|  |TAMS 0x000000071e000000, 0x000000071e000000| Untracked 
| 228|0x000000071e200000, 0x000000071e200000, 0x000000071e400000|  0%| F|  |TAMS 0x000000071e200000, 0x000000071e200000| Untracked 
| 229|0x000000071e400000, 0x000000071e400000, 0x000000071e600000|  0%| F|  |TAMS 0x000000071e400000, 0x000000071e400000| Untracked 
| 230|0x000000071e600000, 0x000000071e600000, 0x000000071e800000|  0%| F|  |TAMS 0x000000071e600000, 0x000000071e600000| Untracked 

Card table byte_map: [0x000002d5a6db0000,0x000002d5a75b0000] _byte_map_base: 0x000002d5a35a3000

Marking Bits (Prev, Next): (CMBitMap*) 0x000002d58f7f9e10, (CMBitMap*) 0x000002d58f7f9dd0
 Prev Bits: [0x000002d5abd50000, 0x000002d5afce8000)
 Next Bits: [0x000002d5a7db0000, 0x000002d5abd48000)

Polling page: 0x000002d58ef70000

Metaspace:

Usage:
  Non-class:      4.71 MB used.
      Class:    572.88 KB used.
       Both:      5.27 MB used.

Virtual space:
  Non-class space:        8.00 MB reserved,       4.75 MB ( 59%) committed,  1 nodes.
      Class space:        1.00 GB reserved,     704.00 KB ( <1%) committed,  1 nodes.
             Both:        1.01 GB reserved,       5.44 MB ( <1%) committed. 

Chunk freelists:
   Non-Class:  2.89 MB
       Class:  3.24 MB
        Both:  6.13 MB

MaxMetaspaceSize: unlimited
CompressedClassSpaceSize: 1.00 GB
Initial GC threshold: 21.00 MB
Current GC threshold: 21.00 MB
CDS: on
MetaspaceReclaimPolicy: balanced
 - commit_granule_bytes: 65536.
 - commit_granule_words: 8192.
 - virtual_space_node_default_size: 1048576.
 - enlarge_chunks_in_place: 1.
 - new_chunks_are_fully_committed: 0.
 - uncommit_free_chunks: 1.
 - use_allocation_guard: 0.
 - handle_deallocations: 1.


Internal statistics:

num_allocs_failed_limit: 0.
num_arena_births: 104.
num_arena_deaths: 0.
num_vsnodes_births: 2.
num_vsnodes_deaths: 0.
num_space_committed: 87.
num_space_uncommitted: 0.
num_chunks_returned_to_freelist: 0.
num_chunks_taken_from_freelist: 147.
num_chunk_merges: 0.
num_chunk_splits: 79.
num_chunks_enlarged: 21.
num_purges: 0.
num_inconsistent_stats: 0.

CodeHeap 'non-profiled nmethods': size=120000Kb used=380Kb max_used=380Kb free=119619Kb
 bounds [0x000002d59ed50000, 0x000002d59efc0000, 0x000002d5a6280000]
CodeHeap 'profiled nmethods': size=120000Kb used=1574Kb max_used=1574Kb free=118426Kb
 bounds [0x000002d597820000, 0x000002d597a90000, 0x000002d59ed50000]
CodeHeap 'non-nmethods': size=5760Kb used=1198Kb max_used=1222Kb free=4561Kb
 bounds [0x000002d597280000, 0x000002d5974f0000, 0x000002d597820000]
 total_blobs=1356 nmethods=855 adapters=414
 compilation: enabled
              stopped_count=0, restarted_count=0
 full_count=0

Compilation events (20 events):
Event: 15.603 Thread 0x000002d5b27d6340 nmethod 845 0x000002d59edae710 code [0x000002d59edae8a0, 0x000002d59edaead8]
Event: 15.606 Thread 0x000002d5b27fe090  847       3       java.lang.ref.PhantomReference::<init> (7 bytes)
Event: 15.607 Thread 0x000002d5b27fe090 nmethod 847 0x000002d5979a5010 code [0x000002d5979a51c0, 0x000002d5979a54b8]
Event: 15.612 Thread 0x000002d5b27fe090  848       1       java.awt.image.ColorModel::hasAlpha (5 bytes)
Event: 15.612 Thread 0x000002d5b27fe090 nmethod 848 0x000002d59edaed10 code [0x000002d59edaeea0, 0x000002d59edaef78]
Event: 16.088 Thread 0x000002d5b27fe090  849       1       javax.swing.InputMap::setParent (6 bytes)
Event: 16.088 Thread 0x000002d5b27fe090 nmethod 849 0x000002d59edaf010 code [0x000002d59edaf1a0, 0x000002d59edaf2b8]
Event: 16.088 Thread 0x000002d5b27fe090  850       3       javax.swing.JComponent::setAlignmentX (15 bytes)
Event: 16.088 Thread 0x000002d5b27fe090 nmethod 850 0x000002d5979a5590 code [0x000002d5979a5760, 0x000002d5979a59d8]
Event: 16.734 Thread 0x000002d5b27fe090  851       3       java.lang.reflect.AccessibleObject::verifyAccess (55 bytes)
Event: 16.735 Thread 0x000002d5b27fe090 nmethod 851 0x000002d5979a5a90 code [0x000002d5979a5ce0, 0x000002d5979a68e8]
Event: 16.735 Thread 0x000002d5b27fe090  852   !   3       javax.swing.UIDefaults::getUIClass (80 bytes)
Event: 16.736 Thread 0x000002d5b27fe090 nmethod 852 0x000002d5979a6b90 code [0x000002d5979a6de0, 0x000002d5979a7858]
Event: 16.736 Thread 0x000002d5b27fe090  853       3       javax.swing.JComponent::setUI (72 bytes)
Event: 16.737 Thread 0x000002d5b27fe090 nmethod 853 0x000002d5979a7c10 code [0x000002d5979a7e60, 0x000002d5979a8688]
Event: 16.737 Thread 0x000002d5b27fe090  854   !   3       javax.swing.JComponent::uninstallUIAndProperties (98 bytes)
Event: 16.738 Thread 0x000002d5b27fe090 nmethod 854 0x000002d5979a8990 code [0x000002d5979a8b80, 0x000002d5979a91e8]
Event: 16.738 Thread 0x000002d5b27fe090  855       3       java.util.LinkedList::add (7 bytes)
Event: 16.738 Thread 0x000002d5b27fe090 nmethod 855 0x000002d5979a9490 code [0x000002d5979a9640, 0x000002d5979a9788]
Event: 16.738 Thread 0x000002d5b27fe090  856       3       java.util.LinkedList::linkLast (59 bytes)

GC Heap History (20 events):
Event: 10.292 GC heap after
{Heap after GC invocations=11 (full 0):
 garbage-first heap   total 262144K, used 145069K [0x0000000701a00000, 0x0000000800000000)
  region size 2048K, 5 young (10240K), 5 survivors (10240K)
 Metaspace       used 5321K, committed 5504K, reserved 1056768K
  class space    used 572K, committed 704K, reserved 1048576K
}
Event: 10.300 GC heap before
{Heap before GC invocations=11 (full 0):
 garbage-first heap   total 262144K, used 147117K [0x0000000701a00000, 0x0000000800000000)
  region size 2048K, 6 young (12288K), 5 survivors (10240K)
 Metaspace       used 5321K, committed 5504K, reserved 1056768K
  class space    used 572K, committed 704K, reserved 1048576K
}
Event: 10.302 GC heap after
{Heap after GC invocations=12 (full 0):
 garbage-first heap   total 262144K, used 146248K [0x0000000701a00000, 0x0000000800000000)
  region size 2048K, 0 young (0K), 0 survivors (0K)
 Metaspace       used 5321K, committed 5504K, reserved 1056768K
  class space    used 572K, committed 704K, reserved 1048576K
}
Event: 10.443 GC heap before
{Heap before GC invocations=12 (full 0):
 garbage-first heap   total 262144K, used 179016K [0x0000000701a00000, 0x0000000800000000)
  region size 2048K, 17 young (34816K), 0 survivors (0K)
 Metaspace       used 5323K, committed 5504K, reserved 1056768K
  class space    used 572K, committed 704K, reserved 1048576K
}
Event: 10.444 GC heap after
{Heap after GC invocations=13 (full 0):
 garbage-first heap   total 262144K, used 146286K [0x0000000701a00000, 0x0000000800000000)
  region size 2048K, 1 young (2048K), 1 survivors (2048K)
 Metaspace       used 5323K, committed 5504K, reserved 1056768K
  class space    used 572K, committed 704K, reserved 1048576K
}
Event: 10.805 GC heap before
{Heap before GC invocations=14 (full 0):
 garbage-first heap   total 266240K, used 220014K [0x0000000701a00000, 0x0000000800000000)
  region size 2048K, 34 young (69632K), 1 survivors (2048K)
 Metaspace       used 5335K, committed 5568K, reserved 1056768K
  class space    used 572K, committed 704K, reserved 1048576K
}
Event: 10.806 GC heap after
{Heap after GC invocations=15 (full 0):
 garbage-first heap   total 266240K, used 155314K [0x0000000701a00000, 0x0000000800000000)
  region size 2048K, 1 young (2048K), 1 survivors (2048K)
 Metaspace       used 5335K, committed 5568K, reserved 1056768K
  class space    used 572K, committed 704K, reserved 1048576K
}
Event: 11.268 GC heap before
{Heap before GC invocations=16 (full 0):
 garbage-first heap   total 280576K, used 229042K [0x0000000701a00000, 0x0000000800000000)
  region size 2048K, 34 young (69632K), 1 survivors (2048K)
 Metaspace       used 5338K, committed 5568K, reserved 1056768K
  class space    used 572K, committed 704K, reserved 1048576K
}
Event: 11.271 GC heap after
{Heap after GC invocations=17 (full 0):
 garbage-first heap   total 473088K, used 164341K [0x0000000701a00000, 0x0000000800000000)
  region size 2048K, 1 young (2048K), 1 survivors (2048K)
 Metaspace       used 5338K, committed 5568K, reserved 1056768K
  class space    used 572K, committed 704K, reserved 1048576K
}
Event: 13.345 GC heap before
{Heap before GC invocations=17 (full 0):
 garbage-first heap   total 473088K, used 449013K [0x0000000701a00000, 0x0000000800000000)
  region size 2048K, 124 young (253952K), 1 survivors (2048K)
 Metaspace       used 5369K, committed 5568K, reserved 1056768K
  class space    used 572K, committed 704K, reserved 1048576K
}
Event: 13.347 GC heap after
{Heap after GC invocations=18 (full 0):
 garbage-first heap   total 473088K, used 201175K [0x0000000701a00000, 0x0000000800000000)
  region size 2048K, 3 young (6144K), 3 survivors (6144K)
 Metaspace       used 5369K, committed 5568K, reserved 1056768K
  class space    used 572K, committed 704K, reserved 1048576K
}
Event: 14.290 GC heap before
{Heap before GC invocations=18 (full 0):
 garbage-first heap   total 473088K, used 365015K [0x0000000701a00000, 0x0000000800000000)
  region size 2048K, 76 young (155648K), 3 survivors (6144K)
 Metaspace       used 5379K, committed 5568K, reserved 1056768K
  class space    used 572K, committed 704K, reserved 1048576K
}
Event: 14.292 GC heap after
{Heap after GC invocations=19 (full 0):
 garbage-first heap   total 473088K, used 219622K [0x0000000701a00000, 0x0000000800000000)
  region size 2048K, 4 young (8192K), 4 survivors (8192K)
 Metaspace       used 5379K, committed 5568K, reserved 1056768K
  class space    used 572K, committed 704K, reserved 1048576K
}
Event: 14.764 GC heap before
{Heap before GC invocations=20 (full 0):
 garbage-first heap   total 473088K, used 295398K [0x0000000701a00000, 0x0000000800000000)
  region size 2048K, 38 young (77824K), 4 survivors (8192K)
 Metaspace       used 5382K, committed 5568K, reserved 1056768K
  class space    used 572K, committed 704K, reserved 1048576K
}
Event: 14.765 GC heap after
{Heap after GC invocations=21 (full 0):
 garbage-first heap   total 473088K, used 229030K [0x0000000701a00000, 0x0000000800000000)
  region size 2048K, 5 young (10240K), 5 survivors (10240K)
 Metaspace       used 5382K, committed 5568K, reserved 1056768K
  class space    used 572K, committed 704K, reserved 1048576K
}
Event: 15.607 GC heap before
{Heap before GC invocations=22 (full 0):
 garbage-first heap   total 473088K, used 302758K [0x0000000701a00000, 0x0000000800000000)
  region size 2048K, 38 young (77824K), 5 survivors (10240K)
 Metaspace       used 5385K, committed 5568K, reserved 1056768K
  class space    used 572K, committed 704K, reserved 1048576K
}
Event: 15.609 GC heap after
{Heap after GC invocations=23 (full 0):
 garbage-first heap   total 473088K, used 238055K [0x0000000701a00000, 0x0000000800000000)
  region size 2048K, 5 young (10240K), 5 survivors (10240K)
 Metaspace       used 5385K, committed 5568K, reserved 1056768K
  class space    used 572K, committed 704K, reserved 1048576K
}
Event: 16.335 GC heap before
{Heap before GC invocations=24 (full 0):
 garbage-first heap   total 473088K, used 311783K [0x0000000701a00000, 0x0000000800000000)
  region size 2048K, 38 young (77824K), 5 survivors (10240K)
 Metaspace       used 5386K, committed 5568K, reserved 1056768K
  class space    used 572K, committed 704K, reserved 1048576K
}
Event: 16.337 GC heap after
{Heap after GC invocations=25 (full 0):
 garbage-first heap   total 473088K, used 247459K [0x0000000701a00000, 0x0000000800000000)
  region size 2048K, 6 young (12288K), 6 survivors (12288K)
 Metaspace       used 5386K, committed 5568K, reserved 1056768K
  class space    used 572K, committed 704K, reserved 1048576K
}
Event: 16.739 GC heap before
{Heap before GC invocations=26 (full 0):
 garbage-first heap   total 473088K, used 321187K [0x0000000701a00000, 0x0000000800000000)
  region size 2048K, 39 young (79872K), 6 survivors (12288K)
 Metaspace       used 5392K, committed 5568K, reserved 1056768K
  class space    used 572K, committed 704K, reserved 1048576K
}

Deoptimization events (20 events):
Event: 2.895 Thread 0x000002d58f78c250 DEOPT PACKING pc=0x000002d59ed82774 sp=0x000000eea1efe780
Event: 2.895 Thread 0x000002d58f78c250 DEOPT UNPACKING pc=0x000002d5972d23a3 sp=0x000000eea1efe6f8 mode 2
Event: 2.912 Thread 0x000002d58f78c250 DEOPT PACKING pc=0x000002d59793dbff sp=0x000000eea1efe760
Event: 2.912 Thread 0x000002d58f78c250 DEOPT UNPACKING pc=0x000002d5972d2b43 sp=0x000000eea1efdbf0 mode 0
Event: 2.928 Thread 0x000002d58f78c250 DEOPT PACKING pc=0x000002d59793dbff sp=0x000000eea1efe760
Event: 2.928 Thread 0x000002d58f78c250 DEOPT UNPACKING pc=0x000002d5972d2b43 sp=0x000000eea1efdbf0 mode 0
Event: 2.943 Thread 0x000002d58f78c250 DEOPT PACKING pc=0x000002d59793dbff sp=0x000000eea1efe760
Event: 2.943 Thread 0x000002d58f78c250 DEOPT UNPACKING pc=0x000002d5972d2b43 sp=0x000000eea1efdbf0 mode 0
Event: 2.954 Thread 0x000002d58f78c250 DEOPT PACKING pc=0x000002d59793dbff sp=0x000000eea1efe760
Event: 2.954 Thread 0x000002d58f78c250 DEOPT UNPACKING pc=0x000002d5972d2b43 sp=0x000000eea1efdbf0 mode 0
Event: 2.966 Thread 0x000002d58f78c250 DEOPT PACKING pc=0x000002d59793dbff sp=0x000000eea1efe760
Event: 2.966 Thread 0x000002d58f78c250 DEOPT UNPACKING pc=0x000002d5972d2b43 sp=0x000000eea1efdbf0 mode 0
Event: 2.980 Thread 0x000002d58f78c250 DEOPT PACKING pc=0x000002d59793dbff sp=0x000000eea1efe760
Event: 2.980 Thread 0x000002d58f78c250 DEOPT UNPACKING pc=0x000002d5972d2b43 sp=0x000000eea1efdbf0 mode 0
Event: 3.385 Thread 0x000002d58f78c250 Uncommon trap: trap_request=0xffffffe4 fr.pc=0x000002d59ed94c30 relative=0x00000000000016d0
Event: 3.385 Thread 0x000002d58f78c250 Uncommon trap: reason=range_check action=make_not_entrant pc=0x000002d59ed94c30 method=java.awt.image.DirectColorModel.setFields()V @ 6 c2
Event: 3.385 Thread 0x000002d58f78c250 DEOPT PACKING pc=0x000002d59ed94c30 sp=0x000000eea1efe7c0
Event: 3.385 Thread 0x000002d58f78c250 DEOPT UNPACKING pc=0x000002d5972d23a3 sp=0x000000eea1efe608 mode 2
Event: 4.958 Thread 0x000002d58f78c250 DEOPT PACKING pc=0x000002d597943008 sp=0x000000eea1efe550
Event: 4.958 Thread 0x000002d58f78c250 DEOPT UNPACKING pc=0x000002d5972d2b43 sp=0x000000eea1efda20 mode 0

Classes unloaded (0 events):
No events

Classes redefined (0 events):
No events

Internal exceptions (12 events):
Event: 0.182 Thread 0x000002d58f78c250 Exception <a 'java/lang/ClassNotFoundException'{0x000000071199e488}: sun/awt/resources/spi/awtProvider> (0x000000071199e488) 
thrown [s\src\hotspot\share\classfile\systemDictionary.cpp, line 256]
Event: 0.227 Thread 0x000002d58f78c250 Exception <a 'java/io/FileNotFoundException'{0x00000007119f7638}> (0x00000007119f7638) 
thrown [s\src\hotspot\share\prims\jni.cpp, line 516]
Event: 0.239 Thread 0x000002d58f78c250 Exception <a 'java/io/FileNotFoundException'{0x0000000711624a90}> (0x0000000711624a90) 
thrown [s\src\hotspot\share\prims\jni.cpp, line 516]
Event: 0.310 Thread 0x000002d58f78c250 Exception <a 'java/lang/NoSuchMethodError'{0x000000071166f5a0}: 'java.lang.Object java.lang.invoke.DirectMethodHandle$Holder.invokeStaticInit(java.lang.Object)'> (0x000000071166f5a0) 
thrown [s\src\hotspot\share\interpreter\linkResolver.cpp, line 759]
Event: 0.767 Thread 0x000002d58f78c250 Exception <a 'java/lang/NoSuchMethodError'{0x00000007116ba768}: 'void java.lang.invoke.DirectMethodHandle$Holder.invokeSpecial(java.lang.Object, java.lang.Object, java.lang.Object)'> (0x00000007116ba768) 
thrown [s\src\hotspot\share\interpreter\linkResolver.cpp, line 759]
Event: 0.784 Thread 0x000002d58f78c250 Exception <a 'java/lang/NoSuchMethodError'{0x0000000711755690}: 'java.lang.Object java.lang.invoke.DirectMethodHandle$Holder.newInvokeSpecial(java.lang.Object, java.lang.Object, java.lang.Object, java.lang.Object, java.lang.Object)'> (0x0000000711755690) 
thrown [s\src\hotspot\share\interpreter\linkResolver.cpp, line 759]
Event: 0.787 Thread 0x000002d58f78c250 Exception <a 'java/lang/NoSuchMethodError'{0x0000000711761058}: 'java.lang.Object java.lang.invoke.DirectMethodHandle$Holder.invokeStatic(java.lang.Object, int, java.lang.Object, java.lang.Object, java.lang.Object, java.lang.Object)'> (0x0000000711761058) 
thrown [s\src\hotspot\share\interpreter\linkResolver.cpp, line 759]
Event: 0.796 Thread 0x000002d58f78c250 Exception <a 'java/lang/NoSuchMethodError'{0x0000000711786818}: 'java.lang.Object java.lang.invoke.DirectMethodHandle$Holder.invokeStatic(java.lang.Object, int, java.lang.Object)'> (0x0000000711786818) 
thrown [s\src\hotspot\share\interpreter\linkResolver.cpp, line 759]
Event: 0.843 Thread 0x000002d58f78c250 Exception <a 'java/lang/ClassNotFoundException'{0x000000071143ec70}: com/sun/swing/internal/plaf/metal/resources/spi/metalProvider> (0x000000071143ec70) 
thrown [s\src\hotspot\share\classfile\systemDictionary.cpp, line 256]
Event: 0.845 Thread 0x000002d58f78c250 Exception <a 'java/lang/ClassNotFoundException'{0x00000007114436c8}: com/sun/swing/internal/plaf/basic/resources/spi/basicProvider> (0x00000007114436c8) 
thrown [s\src\hotspot\share\classfile\systemDictionary.cpp, line 256]
Event: 1.951 Thread 0x000002d5b49a5580 Exception <a 'java/lang/NoSuchMethodError'{0x0000000710864508}: 'java.lang.Object java.lang.invoke.DirectMethodHandle$Holder.newInvokeSpecial(java.lang.Object, java.lang.Object, java.lang.Object, int, int, int, int, int)'> (0x0000000710864508) 
thrown [s\src\hotspot\share\interpreter\linkResolver.cpp, line 759]
Event: 2.895 Thread 0x000002d58f78c250 Implicit null exception at 0x000002d59ed821e1 to 0x000002d59ed8275c

VM Operations (20 events):
Event: 14.302 Executing VM operation: G1Concurrent done
Event: 14.764 Executing VM operation: G1TryInitiateConcMark
Event: 14.765 Executing VM operation: G1TryInitiateConcMark done
Event: 14.770 Executing VM operation: G1Concurrent
Event: 14.771 Executing VM operation: G1Concurrent done
Event: 14.773 Executing VM operation: G1Concurrent
Event: 14.773 Executing VM operation: G1Concurrent done
Event: 15.607 Executing VM operation: G1TryInitiateConcMark
Event: 15.609 Executing VM operation: G1TryInitiateConcMark done
Event: 15.615 Executing VM operation: G1Concurrent
Event: 15.615 Executing VM operation: G1Concurrent done
Event: 15.617 Executing VM operation: G1Concurrent
Event: 15.618 Executing VM operation: G1Concurrent done
Event: 16.335 Executing VM operation: G1TryInitiateConcMark
Event: 16.337 Executing VM operation: G1TryInitiateConcMark done
Event: 16.343 Executing VM operation: G1Concurrent
Event: 16.343 Executing VM operation: G1Concurrent done
Event: 16.346 Executing VM operation: G1Concurrent
Event: 16.346 Executing VM operation: G1Concurrent done
Event: 16.739 Executing VM operation: G1TryInitiateConcMark

Events (20 events):
Event: 2.744 loading class jdk/internal/reflect/ByteVectorFactory done
Event: 2.744 loading class jdk/internal/reflect/ByteVectorImpl
Event: 2.744 loading class jdk/internal/reflect/ByteVector
Event: 2.744 loading class jdk/internal/reflect/ByteVector done
Event: 2.744 loading class jdk/internal/reflect/ByteVectorImpl done
Event: 2.744 loading class jdk/internal/reflect/ClassFileAssembler
Event: 2.744 loading class jdk/internal/reflect/ClassFileAssembler done
Event: 2.745 loading class jdk/internal/reflect/UTF8
Event: 2.745 loading class jdk/internal/reflect/UTF8 done
Event: 2.745 loading class jdk/internal/reflect/Label
Event: 2.745 loading class jdk/internal/reflect/Label done
Event: 2.745 loading class jdk/internal/reflect/Label$PatchInfo
Event: 2.746 loading class jdk/internal/reflect/Label$PatchInfo done
Event: 2.746 loading class jdk/internal/reflect/MethodAccessorGenerator$1
Event: 2.746 loading class jdk/internal/reflect/MethodAccessorGenerator$1 done
Event: 2.746 loading class jdk/internal/reflect/ClassDefiner
Event: 2.746 loading class jdk/internal/reflect/ClassDefiner done
Event: 2.746 loading class jdk/internal/reflect/ClassDefiner$1
Event: 2.746 loading class jdk/internal/reflect/ClassDefiner$1 done
Event: 7.202 Thread 0x000002d5b49a5580 Thread exited: 0x000002d5b49a5580


Dynamic libraries:
0x00007ff7f13d0000 - 0x00007ff7f13de000 	C:\Program Files\Eclipse Adoptium\jdk-17.0.4.8-hotspot\bin\javaw.exe
0x00007ff8326b0000 - 0x00007ff8328a8000 	C:\WINDOWS\SYSTEM32\ntdll.dll
0x00007ff8307e0000 - 0x00007ff83089d000 	C:\WINDOWS\System32\KERNEL32.DLL
0x00007ff82ff00000 - 0x00007ff8301d2000 	C:\WINDOWS\System32\KERNELBASE.dll
0x00007ff8301e0000 - 0x00007ff8302e0000 	C:\WINDOWS\System32\ucrtbase.dll
0x00007ff820370000 - 0x00007ff820388000 	C:\Program Files\Eclipse Adoptium\jdk-17.0.4.8-hotspot\bin\jli.dll
0x00007ff831e30000 - 0x00007ff831fcd000 	C:\WINDOWS\System32\USER32.dll
0x00007ff830550000 - 0x00007ff830572000 	C:\WINDOWS\System32\win32u.dll
0x00007ff8308a0000 - 0x00007ff8308cb000 	C:\WINDOWS\System32\GDI32.dll
0x00007ff830330000 - 0x00007ff83043f000 	C:\WINDOWS\System32\gdi32full.dll
0x00007ff830440000 - 0x00007ff8304dd000 	C:\WINDOWS\System32\msvcp_win.dll
0x00007ff820b50000 - 0x00007ff820b69000 	C:\Program Files\Eclipse Adoptium\jdk-17.0.4.8-hotspot\bin\VCRUNTIME140.dll
0x00007ff81a430000 - 0x00007ff81a6ca000 	C:\WINDOWS\WinSxS\amd64_microsoft.windows.common-controls_6595b64144ccf1df_6.0.19041.1110_none_60b5254171f9507e\COMCTL32.dll
0x00007ff830d40000 - 0x00007ff830dde000 	C:\WINDOWS\System32\msvcrt.dll
0x00007ff830710000 - 0x00007ff830740000 	C:\WINDOWS\System32\IMM32.DLL
0x00007ff821dc0000 - 0x00007ff821dcc000 	C:\Program Files\Eclipse Adoptium\jdk-17.0.4.8-hotspot\bin\vcruntime140_1.dll
0x00007ff81d980000 - 0x00007ff81da11000 	C:\Program Files\Eclipse Adoptium\jdk-17.0.4.8-hotspot\bin\msvcp140.dll
0x00007fffb7550000 - 0x00007fffb8196000 	C:\Program Files\Eclipse Adoptium\jdk-17.0.4.8-hotspot\bin\server\jvm.dll
0x00007ff831b70000 - 0x00007ff831c1e000 	C:\WINDOWS\System32\ADVAPI32.dll
0x00007ff832550000 - 0x00007ff8325ec000 	C:\WINDOWS\System32\sechost.dll
0x00007ff831c20000 - 0x00007ff831d45000 	C:\WINDOWS\System32\RPCRT4.dll
0x00007ff830740000 - 0x00007ff830748000 	C:\WINDOWS\System32\PSAPI.DLL
0x00007ff829470000 - 0x00007ff829479000 	C:\WINDOWS\SYSTEM32\WSOCK32.dll
0x00007ff831820000 - 0x00007ff83188b000 	C:\WINDOWS\System32\WS2_32.dll
0x00007ff8242a0000 - 0x00007ff8242c7000 	C:\WINDOWS\SYSTEM32\WINMM.dll
0x00007ff8250b0000 - 0x00007ff8250ba000 	C:\WINDOWS\SYSTEM32\VERSION.dll
0x00007ff82e5d0000 - 0x00007ff82e5e2000 	C:\WINDOWS\SYSTEM32\kernel.appcore.dll
0x00007ff8226c0000 - 0x00007ff8226ca000 	C:\Program Files\Eclipse Adoptium\jdk-17.0.4.8-hotspot\bin\jimage.dll
0x00007ff82dc10000 - 0x00007ff82ddf4000 	C:\WINDOWS\SYSTEM32\DBGHELP.DLL
0x00007ff810a70000 - 0x00007ff810a9c000 	C:\WINDOWS\SYSTEM32\dbgcore.DLL
0x00007ff82fe70000 - 0x00007ff82fef2000 	C:\WINDOWS\System32\bcryptPrimitives.dll
0x00007ff8202a0000 - 0x00007ff8202c5000 	C:\Program Files\Eclipse Adoptium\jdk-17.0.4.8-hotspot\bin\java.dll
0x00007ffff0dd0000 - 0x00007ffff0ea6000 	C:\Program Files\Eclipse Adoptium\jdk-17.0.4.8-hotspot\bin\jsvml.dll
0x00007ff830fd0000 - 0x00007ff831713000 	C:\WINDOWS\System32\SHELL32.dll
0x00007ff82de00000 - 0x00007ff82e591000 	C:\WINDOWS\SYSTEM32\windows.storage.dll
0x00007ff831fd0000 - 0x00007ff832324000 	C:\WINDOWS\System32\combase.dll
0x00007ff82f800000 - 0x00007ff82f830000 	C:\WINDOWS\SYSTEM32\Wldp.dll
0x00007ff832330000 - 0x00007ff8323dd000 	C:\WINDOWS\System32\SHCORE.dll
0x00007ff830770000 - 0x00007ff8307c5000 	C:\WINDOWS\System32\shlwapi.dll
0x00007ff82fd00000 - 0x00007ff82fd1f000 	C:\WINDOWS\SYSTEM32\profapi.dll
0x00007ff81d500000 - 0x00007ff81d68e000 	C:\Program Files\Eclipse Adoptium\jdk-17.0.4.8-hotspot\bin\awt.dll
0x00007ff830f00000 - 0x00007ff830fcd000 	C:\WINDOWS\System32\OLEAUT32.dll
0x00007ff82d190000 - 0x00007ff82d221000 	C:\WINDOWS\SYSTEM32\apphelp.dll
0x00007ff82d650000 - 0x00007ff82d67f000 	C:\WINDOWS\system32\DWMAPI.DLL
0x00007ff82d450000 - 0x00007ff82d4ee000 	C:\WINDOWS\system32\uxtheme.dll
0x00007ff819a10000 - 0x00007ff819b37000 	C:\WINDOWS\system32\opengl32.dll
0x00007ff8223c0000 - 0x00007ff8223ec000 	C:\WINDOWS\SYSTEM32\GLU32.dll
0x0000000180000000 - 0x0000000182dd7000 	C:\Program Files (x86)\RivaTuner Statistics Server\RTSSHooks64.dll
0x00007ff8308d0000 - 0x00007ff830d3f000 	C:\WINDOWS\System32\SETUPAPI.dll
0x00007ff8302e0000 - 0x00007ff83032e000 	C:\WINDOWS\System32\cfgmgr32.dll
0x00007ff830580000 - 0x00007ff8305a7000 	C:\WINDOWS\System32\bcrypt.dll
0x00007ff830de0000 - 0x00007ff830ef5000 	C:\WINDOWS\System32\MSCTF.dll
0x00007ff831a40000 - 0x00007ff831b6a000 	C:\WINDOWS\System32\ole32.dll
0x00007ff820520000 - 0x00007ff8206ef000 	C:\WINDOWS\system32\d3d9.dll
0x00007ff8250c0000 - 0x00007ff8251d7000 	C:\WINDOWS\System32\DriverStore\FileRepository\nvhmi.inf_amd64_0bea2d1d044b88bf\nvldumdx.dll
0x00007ff82f9b0000 - 0x00007ff82f9c2000 	C:\WINDOWS\SYSTEM32\msasn1.dll
0x00007ff825070000 - 0x00007ff8250a1000 	C:\WINDOWS\SYSTEM32\cryptnet.dll
0x00007ff8305b0000 - 0x00007ff830706000 	C:\WINDOWS\System32\CRYPT32.dll
0x00007ff824d00000 - 0x00007ff824e48000 	C:\WINDOWS\SYSTEM32\drvstore.dll
0x00007ff82fb70000 - 0x00007ff82fb9c000 	C:\WINDOWS\SYSTEM32\devobj.dll
0x00007ff82f6e0000 - 0x00007ff82f6ec000 	C:\WINDOWS\SYSTEM32\cryptbase.dll
0x00007ff8304e0000 - 0x00007ff830549000 	C:\WINDOWS\System32\WINTRUST.DLL
0x00007ff830750000 - 0x00007ff83076d000 	C:\WINDOWS\System32\imagehlp.dll
0x00007ff82f6f0000 - 0x00007ff82f708000 	C:\WINDOWS\SYSTEM32\CRYPTSP.dll
0x00007ff82edf0000 - 0x00007ff82ee24000 	C:\WINDOWS\system32\rsaenh.dll
0x00007fffcf400000 - 0x00007fffd0c0a000 	C:\WINDOWS\System32\DriverStore\FileRepository\nvhmi.inf_amd64_0bea2d1d044b88bf\nvd3dumx.dll
0x00007fff6b280000 - 0x00007fff6ead9000 	C:\WINDOWS\System32\DriverStore\FileRepository\ki124164.inf_amd64_85b60d2b8c3af983\igdumdim64.dll
0x00007fffe51f0000 - 0x00007fffe54be000 	C:\WINDOWS\system32\nvspcap64.dll
0x00007ff82ef30000 - 0x00007ff82ef63000 	C:\WINDOWS\SYSTEM32\ntmarta.dll
0x00007ff82e5f0000 - 0x00007ff82e613000 	C:\WINDOWS\SYSTEM32\gpapi.dll
0x00007ff825d80000 - 0x00007ff825dbb000 	C:\WINDOWS\SYSTEM32\dxcore.dll
0x00007ff81dc50000 - 0x00007ff81dc7d000 	C:\Program Files\Eclipse Adoptium\jdk-17.0.4.8-hotspot\bin\javajpeg.dll
0x00007ff821de0000 - 0x00007ff821df8000 	C:\Program Files\Eclipse Adoptium\jdk-17.0.4.8-hotspot\bin\zip.dll

dbghelp: loaded successfully - version: 4.0.5 - missing functions: none
symbol engine: initialized successfully - sym options: 0x614 - pdb path: .;C:\Program Files\Eclipse Adoptium\jdk-17.0.4.8-hotspot\bin;C:\WINDOWS\SYSTEM32;C:\WINDOWS\WinSxS\amd64_microsoft.windows.common-controls_6595b64144ccf1df_6.0.19041.1110_none_60b5254171f9507e;C:\Program Files\Eclipse Adoptium\jdk-17.0.4.8-hotspot\bin\server;C:\Program Files (x86)\RivaTuner Statistics Server;C:\WINDOWS\System32\DriverStore\FileRepository\nvhmi.inf_amd64_0bea2d1d044b88bf;C:\WINDOWS\System32\DriverStore\FileRepository\ki124164.inf_amd64_85b60d2b8c3af983

VM Arguments:
jvm_args: -Dfile.encoding=UTF-8 -XX:+ShowCodeDetailsInExceptionMessages 
java_command: view.Main
java_class_path (initial): C:\Users\faibe\eclipse-workspace\Proyecto-2-Interfaz\bin
Launcher Type: SUN_STANDARD

[Global flags]
     intx CICompilerCount                          = 4                                         {product} {ergonomic}
     uint ConcGCThreads                            = 2                                         {product} {ergonomic}
     uint G1ConcRefinementThreads                  = 8                                         {product} {ergonomic}
   size_t G1HeapRegionSize                         = 2097152                                   {product} {ergonomic}
    uintx GCDrainStackTargetSize                   = 64                                        {product} {ergonomic}
   size_t InitialHeapSize                          = 268435456                                 {product} {ergonomic}
   size_t MarkStackSize                            = 4194304                                   {product} {ergonomic}
   size_t MaxHeapSize                              = 4267704320                                {product} {ergonomic}
   size_t MaxNewSize                               = 2560622592                                {product} {ergonomic}
   size_t MinHeapDeltaBytes                        = 2097152                                   {product} {ergonomic}
   size_t MinHeapSize                              = 8388608                                   {product} {ergonomic}
    uintx NonNMethodCodeHeapSize                   = 5839372                                {pd product} {ergonomic}
    uintx NonProfiledCodeHeapSize                  = 122909434                              {pd product} {ergonomic}
    uintx ProfiledCodeHeapSize                     = 122909434                              {pd product} {ergonomic}
    uintx ReservedCodeCacheSize                    = 251658240                              {pd product} {ergonomic}
     bool SegmentedCodeCache                       = true                                      {product} {ergonomic}
     bool ShowCodeDetailsInExceptionMessages       = true                                   {manageable} {command line}
   size_t SoftMaxHeapSize                          = 4267704320                             {manageable} {ergonomic}
     bool UseCompressedClassPointers               = true                           {product lp64_product} {ergonomic}
     bool UseCompressedOops                        = true                           {product lp64_product} {ergonomic}
     bool UseG1GC                                  = true                                      {product} {ergonomic}
     bool UseLargePagesIndividualAllocation        = false                                  {pd product} {ergonomic}

Logging:
Log output configuration:
 #0: stdout all=warning uptime,level,tags
 #1: stderr all=off uptime,level,tags

Environment Variables:
JAVA_HOME=C:\Program Files\Eclipse Adoptium\jdk-17.0.4.8-hotspot\bin
PATH=C:/Program Files/Eclipse Adoptium/jdk-17.0.4.8-hotspot/bin/server;C:/Program Files/Eclipse Adoptium/jdk-17.0.4.8-hotspot/bin;C:\Program Files\Eclipse Adoptium\jdk-17.0.4.8-hotspot\bin;C:\Program Files\Eclipse Adoptium\jdk-8.0.345.1-hotspot\bin;C:\ProgramData\Oracle\Java\javapath;C:\WINDOWS\system32;C:\WINDOWS;C:\WINDOWS\System32\Wbem;C:\WINDOWS\System32\WindowsPowerShell\v1.0\;C:\WINDOWS\System32\OpenSSH\;C:\Program Files (x86)\NVIDIA Corporation\PhysX\Common;C:\WINDOWS\system32;C:\WINDOWS;C:\WINDOWS\System32\Wbem;C:\WINDOWS\System32\WindowsPowerShell\v1.0\;C:\WINDOWS\System32\OpenSSH\;C:\Program Files\Git\cmd;C:\Program Files\NVIDIA Corporation\NVIDIA NvDLISR;C:\Program Files\Eclipse Adoptium\jdk-17.0.4.8-hotspot\bin;C:\Program Files\Eclipse Adoptium\jdk-8.0.345.1-hotspot\bin;C:\Program Files\Eclipse Adoptium\jdk-17.0.4.8-hotspot;C:\Users\faibe\AppData\Local\Programs\Python\Python39\;C:\Users\faibe\AppData\Local\Microsoft\WindowsApps;C:\Users\faibe\AppData\Local\Programs\Microsoft VS Code\bin;;C:\WINDOWS\System32;
USERNAME=faibe
OS=Windows_NT
PROCESSOR_IDENTIFIER=Intel64 Family 6 Model 94 Stepping 3, GenuineIntel
TMP=C:\Users\faibe\AppData\Local\Temp
TEMP=C:\Users\faibe\AppData\Local\Temp



---------------  S Y S T E M  ---------------

OS:
 Windows 10 , 64 bit Build 19041 (10.0.19041.1889)
OS uptime: 19 days 5:47 hours
Hyper-V role detected

CPU: total 8 (initial active 8) (4 cores per cpu, 2 threads per core) family 6 model 94 stepping 3 microcode 0xcc, cx8, cmov, fxsr, ht, mmx, 3dnowpref, sse, sse2, sse3, ssse3, sse4.1, sse4.2, popcnt, lzcnt, tsc, tscinvbit, avx, avx2, aes, erms, clmul, bmi1, bmi2, rtm, adx, fma, vzeroupper, clflush, clflushopt, hv

Memory: 4k page, system-wide physical 16273M (351M free)
TotalPageFile size 31376M (AvailPageFile size 72M)
current process WorkingSet (physical memory assigned to process): 527M, peak: 528M
current process commit charge ("private bytes"): 635M, peak: 779M

vm_info: OpenJDK 64-Bit Server VM (17.0.4+8) for windows-amd64 JRE (17.0.4+8), built on Jul 19 2022 16:05:16 by "temurin" with MS VC++ 16.7 (VS2019)

END.
